[01m[K/home/zrene/catkin_ws_hiper_hand/src/ethercat_device_configurator/ethercat_device_configurator/src/hiper_hand.cpp:[m[K In member function ‘[01m[Kvoid example::ExampleEcatHardwareInterface::interactiveControl()[m[K’:
[01m[K/home/zrene/catkin_ws_hiper_hand/src/ethercat_device_configurator/ethercat_device_configurator/src/hiper_hand.cpp:209:21:[m[K [01;31m[Kerror: [m[Kexpected ‘[01m[K;[m[K’ before ‘[01m[K{[m[K’ token
  209 |             endwin()
      |                     [01;31m[K^[m[K
      |                     [32m[K;[m[K
[01m[K/home/zrene/catkin_ws_hiper_hand/src/ethercat_device_configurator/ethercat_device_configurator/src/hiper_hand.cpp:211:22:[m[K [01;31m[Kerror: [m[Kexpected ‘[01m[K;[m[K’ before ‘[01m[K}[m[K’ token
  211 |             initscr()
      |                      [01;31m[K^[m[K
      |                      [32m[K;[m[K
  212 |           [32m[K}[m[K else if (i==1){
      |           [32m[K~[m[K           
[01m[K/home/zrene/catkin_ws_hiper_hand/src/ethercat_device_configurator/ethercat_device_configurator/src/hiper_hand.cpp:214:21:[m[K [01;31m[Kerror: [m[Kexpected ‘[01m[K;[m[K’ before ‘[01m[K{[m[K’ token
  214 |             endwin()
      |                     [01;31m[K^[m[K
      |                     [32m[K;[m[K
[01m[K/home/zrene/catkin_ws_hiper_hand/src/ethercat_device_configurator/ethercat_device_configurator/src/hiper_hand.cpp:216:22:[m[K [01;31m[Kerror: [m[Kexpected ‘[01m[K;[m[K’ before ‘[01m[K}[m[K’ token
  216 |             initscr()
      |                      [01;31m[K^[m[K
      |                      [32m[K;[m[K
  217 |           [32m[K}[m[K
      |           [32m[K~[m[K           
make[2]: *** [CMakeFiles/hiper_hand.dir/build.make:63: CMakeFiles/hiper_hand.dir/src/hiper_hand.cpp.o] Error 1
make[1]: *** [CMakeFiles/Makefile2:876: CMakeFiles/hiper_hand.dir/all] Error 2
make: *** [Makefile:141: all] Error 2
