[01m[K/home/zrene/catkin_ws_hiper_hand/src/ethercat_device_configurator/ethercat_device_configurator/src/hiper_hand.cpp:[m[K In member function ‘[01m[Kvoid example::ExampleEcatHardwareInterface::interactiveControl()[m[K’:
[01m[K/home/zrene/catkin_ws_hiper_hand/src/ethercat_device_configurator/ethercat_device_configurator/src/hiper_hand.cpp:124:40:[m[K [01;31m[Kerror: [m[Kno matching function for call to ‘[01m[Kmin(const double&, int)[m[K’
  124 |         velocity1 = std::min(MAX_VEL, 5[01;31m[K)[m[K;
      |                                        [01;31m[K^[m[K
In file included from [01m[K/usr/include/c++/9/memory:62[m[K,
                 from [01m[K/home/zrene/catkin_ws_hiper_hand/src/ethercat_device_configurator/ethercat_device_configurator/include/ethercat_device_configurator/EthercatDeviceConfigurator.hpp:25[m[K,
                 from [01m[K/home/zrene/catkin_ws_hiper_hand/src/ethercat_device_configurator/ethercat_device_configurator/src/hiper_hand.cpp:6[m[K:
[01m[K/usr/include/c++/9/bits/stl_algobase.h:198:5:[m[K [01;36m[Knote: [m[Kcandidate: ‘[01m[Ktemplate<class _Tp> constexpr const _Tp& std::min(const _Tp&, const _Tp&)[m[K’
  198 |     [01;36m[Kmin[m[K(const _Tp& __a, const _Tp& __b)
      |     [01;36m[K^~~[m[K
[01m[K/usr/include/c++/9/bits/stl_algobase.h:198:5:[m[K [01;36m[Knote: [m[K  template argument deduction/substitution failed:
[01m[K/home/zrene/catkin_ws_hiper_hand/src/ethercat_device_configurator/ethercat_device_configurator/src/hiper_hand.cpp:124:40:[m[K [01;36m[Knote: [m[K  deduced conflicting types for parameter ‘[01m[Kconst _Tp[m[K’ (‘[01m[Kdouble[m[K’ and ‘[01m[Kint[m[K’)
  124 |         velocity1 = std::min(MAX_VEL, 5[01;36m[K)[m[K;
      |                                        [01;36m[K^[m[K
In file included from [01m[K/usr/include/c++/9/memory:62[m[K,
                 from [01m[K/home/zrene/catkin_ws_hiper_hand/src/ethercat_device_configurator/ethercat_device_configurator/include/ethercat_device_configurator/EthercatDeviceConfigurator.hpp:25[m[K,
                 from [01m[K/home/zrene/catkin_ws_hiper_hand/src/ethercat_device_configurator/ethercat_device_configurator/src/hiper_hand.cpp:6[m[K:
[01m[K/usr/include/c++/9/bits/stl_algobase.h:246:5:[m[K [01;36m[Knote: [m[Kcandidate: ‘[01m[Ktemplate<class _Tp, class _Compare> constexpr const _Tp& std::min(const _Tp&, const _Tp&, _Compare)[m[K’
  246 |     [01;36m[Kmin[m[K(const _Tp& __a, const _Tp& __b, _Compare __comp)
      |     [01;36m[K^~~[m[K
[01m[K/usr/include/c++/9/bits/stl_algobase.h:246:5:[m[K [01;36m[Knote: [m[K  template argument deduction/substitution failed:
[01m[K/home/zrene/catkin_ws_hiper_hand/src/ethercat_device_configurator/ethercat_device_configurator/src/hiper_hand.cpp:124:40:[m[K [01;36m[Knote: [m[K  deduced conflicting types for parameter ‘[01m[Kconst _Tp[m[K’ (‘[01m[Kdouble[m[K’ and ‘[01m[Kint[m[K’)
  124 |         velocity1 = std::min(MAX_VEL, 5[01;36m[K)[m[K;
      |                                        [01;36m[K^[m[K
In file included from [01m[K/usr/include/c++/9/algorithm:62[m[K,
                 from [01m[K/usr/include/boost/regex/v4/regex_workaround.hpp:33[m[K,
                 from [01m[K/usr/include/boost/regex/v4/regex.hpp:32[m[K,
                 from [01m[K/usr/include/boost/regex.hpp:31[m[K,
                 from [01m[K/home/zrene/catkin_ws_hiper_hand/src/message_logger/include/message_logger/log/log_messages_backend.hpp:49[m[K,
                 from [01m[K/home/zrene/catkin_ws_hiper_hand/src/message_logger/include/message_logger/log/log_messages.hpp:44[m[K,
                 from [01m[K/home/zrene/catkin_ws_hiper_hand/src/message_logger/include/message_logger/message_logger.hpp:43[m[K,
                 from [01m[K/home/zrene/catkin_ws_hiper_hand/src/soem_interface/soem_interface_rsl/include/soem_interface_rsl/EthercatBusBase.hpp:35[m[K,
                 from [01m[K/home/zrene/catkin_ws_hiper_hand/src/ethercat_sdk_master/ethercat_sdk_master/include/ethercat_sdk_master/EthercatDevice.hpp:25[m[K,
                 from [01m[K/home/zrene/catkin_ws_hiper_hand/src/ethercat_sdk_master/ethercat_sdk_master/include/ethercat_sdk_master/EthercatMaster.hpp:25[m[K,
                 from [01m[K/home/zrene/catkin_ws_hiper_hand/src/ethercat_device_configurator/ethercat_device_configurator/include/ethercat_device_configurator/EthercatDeviceConfigurator.hpp:28[m[K,
                 from [01m[K/home/zrene/catkin_ws_hiper_hand/src/ethercat_device_configurator/ethercat_device_configurator/src/hiper_hand.cpp:6[m[K:
[01m[K/usr/include/c++/9/bits/stl_algo.h:3450:5:[m[K [01;36m[Knote: [m[Kcandidate: ‘[01m[Ktemplate<class _Tp> constexpr _Tp std::min(std::initializer_list<_Tp>)[m[K’
 3450 |     [01;36m[Kmin[m[K(initializer_list<_Tp> __l)
      |     [01;36m[K^~~[m[K
[01m[K/usr/include/c++/9/bits/stl_algo.h:3450:5:[m[K [01;36m[Knote: [m[K  template argument deduction/substitution failed:
[01m[K/home/zrene/catkin_ws_hiper_hand/src/ethercat_device_configurator/ethercat_device_configurator/src/hiper_hand.cpp:124:40:[m[K [01;36m[Knote: [m[K  mismatched types ‘[01m[Kstd::initializer_list<_Tp>[m[K’ and ‘[01m[Kdouble[m[K’
  124 |         velocity1 = std::min(MAX_VEL, 5[01;36m[K)[m[K;
      |                                        [01;36m[K^[m[K
In file included from [01m[K/usr/include/c++/9/algorithm:62[m[K,
                 from [01m[K/usr/include/boost/regex/v4/regex_workaround.hpp:33[m[K,
                 from [01m[K/usr/include/boost/regex/v4/regex.hpp:32[m[K,
                 from [01m[K/usr/include/boost/regex.hpp:31[m[K,
                 from [01m[K/home/zrene/catkin_ws_hiper_hand/src/message_logger/include/message_logger/log/log_messages_backend.hpp:49[m[K,
                 from [01m[K/home/zrene/catkin_ws_hiper_hand/src/message_logger/include/message_logger/log/log_messages.hpp:44[m[K,
                 from [01m[K/home/zrene/catkin_ws_hiper_hand/src/message_logger/include/message_logger/message_logger.hpp:43[m[K,
                 from [01m[K/home/zrene/catkin_ws_hiper_hand/src/soem_interface/soem_interface_rsl/include/soem_interface_rsl/EthercatBusBase.hpp:35[m[K,
                 from [01m[K/home/zrene/catkin_ws_hiper_hand/src/ethercat_sdk_master/ethercat_sdk_master/include/ethercat_sdk_master/EthercatDevice.hpp:25[m[K,
                 from [01m[K/home/zrene/catkin_ws_hiper_hand/src/ethercat_sdk_master/ethercat_sdk_master/include/ethercat_sdk_master/EthercatMaster.hpp:25[m[K,
                 from [01m[K/home/zrene/catkin_ws_hiper_hand/src/ethercat_device_configurator/ethercat_device_configurator/include/ethercat_device_configurator/EthercatDeviceConfigurator.hpp:28[m[K,
                 from [01m[K/home/zrene/catkin_ws_hiper_hand/src/ethercat_device_configurator/ethercat_device_configurator/src/hiper_hand.cpp:6[m[K:
[01m[K/usr/include/c++/9/bits/stl_algo.h:3456:5:[m[K [01;36m[Knote: [m[Kcandidate: ‘[01m[Ktemplate<class _Tp, class _Compare> constexpr _Tp std::min(std::initializer_list<_Tp>, _Compare)[m[K’
 3456 |     [01;36m[Kmin[m[K(initializer_list<_Tp> __l, _Compare __comp)
      |     [01;36m[K^~~[m[K
[01m[K/usr/include/c++/9/bits/stl_algo.h:3456:5:[m[K [01;36m[Knote: [m[K  template argument deduction/substitution failed:
[01m[K/home/zrene/catkin_ws_hiper_hand/src/ethercat_device_configurator/ethercat_device_configurator/src/hiper_hand.cpp:124:40:[m[K [01;36m[Knote: [m[K  mismatched types ‘[01m[Kstd::initializer_list<_Tp>[m[K’ and ‘[01m[Kdouble[m[K’
  124 |         velocity1 = std::min(MAX_VEL, 5[01;36m[K)[m[K;
      |                                        [01;36m[K^[m[K
[01m[K/home/zrene/catkin_ws_hiper_hand/src/ethercat_device_configurator/ethercat_device_configurator/src/hiper_hand.cpp:127:42:[m[K [01;31m[Kerror: [m[Kno matching function for call to ‘[01m[Kmax(double, int)[m[K’
  127 |         velocity1 = std::max(-MAX_VEL, -5[01;31m[K)[m[K;
      |                                          [01;31m[K^[m[K
In file included from [01m[K/usr/include/c++/9/memory:62[m[K,
                 from [01m[K/home/zrene/catkin_ws_hiper_hand/src/ethercat_device_configurator/ethercat_device_configurator/include/ethercat_device_configurator/EthercatDeviceConfigurator.hpp:25[m[K,
                 from [01m[K/home/zrene/catkin_ws_hiper_hand/src/ethercat_device_configurator/ethercat_device_configurator/src/hiper_hand.cpp:6[m[K:
[01m[K/usr/include/c++/9/bits/stl_algobase.h:222:5:[m[K [01;36m[Knote: [m[Kcandidate: ‘[01m[Ktemplate<class _Tp> constexpr const _Tp& std::max(const _Tp&, const _Tp&)[m[K’
  222 |     [01;36m[Kmax[m[K(const _Tp& __a, const _Tp& __b)
      |     [01;36m[K^~~[m[K
[01m[K/usr/include/c++/9/bits/stl_algobase.h:222:5:[m[K [01;36m[Knote: [m[K  template argument deduction/substitution failed:
[01m[K/home/zrene/catkin_ws_hiper_hand/src/ethercat_device_configurator/ethercat_device_configurator/src/hiper_hand.cpp:127:42:[m[K [01;36m[Knote: [m[K  deduced conflicting types for parameter ‘[01m[Kconst _Tp[m[K’ (‘[01m[Kdouble[m[K’ and ‘[01m[Kint[m[K’)
  127 |         velocity1 = std::max(-MAX_VEL, -5[01;36m[K)[m[K;
      |                                          [01;36m[K^[m[K
In file included from [01m[K/usr/include/c++/9/memory:62[m[K,
                 from [01m[K/home/zrene/catkin_ws_hiper_hand/src/ethercat_device_configurator/ethercat_device_configurator/include/ethercat_device_configurator/EthercatDeviceConfigurator.hpp:25[m[K,
                 from [01m[K/home/zrene/catkin_ws_hiper_hand/src/ethercat_device_configurator/ethercat_device_configurator/src/hiper_hand.cpp:6[m[K:
[01m[K/usr/include/c++/9/bits/stl_algobase.h:268:5:[m[K [01;36m[Knote: [m[Kcandidate: ‘[01m[Ktemplate<class _Tp, class _Compare> constexpr const _Tp& std::max(const _Tp&, const _Tp&, _Compare)[m[K’
  268 |     [01;36m[Kmax[m[K(const _Tp& __a, const _Tp& __b, _Compare __comp)
      |     [01;36m[K^~~[m[K
[01m[K/usr/include/c++/9/bits/stl_algobase.h:268:5:[m[K [01;36m[Knote: [m[K  template argument deduction/substitution failed:
[01m[K/home/zrene/catkin_ws_hiper_hand/src/ethercat_device_configurator/ethercat_device_configurator/src/hiper_hand.cpp:127:42:[m[K [01;36m[Knote: [m[K  deduced conflicting types for parameter ‘[01m[Kconst _Tp[m[K’ (‘[01m[Kdouble[m[K’ and ‘[01m[Kint[m[K’)
  127 |         velocity1 = std::max(-MAX_VEL, -5[01;36m[K)[m[K;
      |                                          [01;36m[K^[m[K
In file included from [01m[K/usr/include/c++/9/algorithm:62[m[K,
                 from [01m[K/usr/include/boost/regex/v4/regex_workaround.hpp:33[m[K,
                 from [01m[K/usr/include/boost/regex/v4/regex.hpp:32[m[K,
                 from [01m[K/usr/include/boost/regex.hpp:31[m[K,
                 from [01m[K/home/zrene/catkin_ws_hiper_hand/src/message_logger/include/message_logger/log/log_messages_backend.hpp:49[m[K,
                 from [01m[K/home/zrene/catkin_ws_hiper_hand/src/message_logger/include/message_logger/log/log_messages.hpp:44[m[K,
                 from [01m[K/home/zrene/catkin_ws_hiper_hand/src/message_logger/include/message_logger/message_logger.hpp:43[m[K,
                 from [01m[K/home/zrene/catkin_ws_hiper_hand/src/soem_interface/soem_interface_rsl/include/soem_interface_rsl/EthercatBusBase.hpp:35[m[K,
                 from [01m[K/home/zrene/catkin_ws_hiper_hand/src/ethercat_sdk_master/ethercat_sdk_master/include/ethercat_sdk_master/EthercatDevice.hpp:25[m[K,
                 from [01m[K/home/zrene/catkin_ws_hiper_hand/src/ethercat_sdk_master/ethercat_sdk_master/include/ethercat_sdk_master/EthercatMaster.hpp:25[m[K,
                 from [01m[K/home/zrene/catkin_ws_hiper_hand/src/ethercat_device_configurator/ethercat_device_configurator/include/ethercat_device_configurator/EthercatDeviceConfigurator.hpp:28[m[K,
                 from [01m[K/home/zrene/catkin_ws_hiper_hand/src/ethercat_device_configurator/ethercat_device_configurator/src/hiper_hand.cpp:6[m[K:
[01m[K/usr/include/c++/9/bits/stl_algo.h:3462:5:[m[K [01;36m[Knote: [m[Kcandidate: ‘[01m[Ktemplate<class _Tp> constexpr _Tp std::max(std::initializer_list<_Tp>)[m[K’
 3462 |     [01;36m[Kmax[m[K(initializer_list<_Tp> __l)
      |     [01;36m[K^~~[m[K
[01m[K/usr/include/c++/9/bits/stl_algo.h:3462:5:[m[K [01;36m[Knote: [m[K  template argument deduction/substitution failed:
[01m[K/home/zrene/catkin_ws_hiper_hand/src/ethercat_device_configurator/ethercat_device_configurator/src/hiper_hand.cpp:127:42:[m[K [01;36m[Knote: [m[K  mismatched types ‘[01m[Kstd::initializer_list<_Tp>[m[K’ and ‘[01m[Kdouble[m[K’
  127 |         velocity1 = std::max(-MAX_VEL, -5[01;36m[K)[m[K;
      |                                          [01;36m[K^[m[K
In file included from [01m[K/usr/include/c++/9/algorithm:62[m[K,
                 from [01m[K/usr/include/boost/regex/v4/regex_workaround.hpp:33[m[K,
                 from [01m[K/usr/include/boost/regex/v4/regex.hpp:32[m[K,
                 from [01m[K/usr/include/boost/regex.hpp:31[m[K,
                 from [01m[K/home/zrene/catkin_ws_hiper_hand/src/message_logger/include/message_logger/log/log_messages_backend.hpp:49[m[K,
                 from [01m[K/home/zrene/catkin_ws_hiper_hand/src/message_logger/include/message_logger/log/log_messages.hpp:44[m[K,
                 from [01m[K/home/zrene/catkin_ws_hiper_hand/src/message_logger/include/message_logger/message_logger.hpp:43[m[K,
                 from [01m[K/home/zrene/catkin_ws_hiper_hand/src/soem_interface/soem_interface_rsl/include/soem_interface_rsl/EthercatBusBase.hpp:35[m[K,
                 from [01m[K/home/zrene/catkin_ws_hiper_hand/src/ethercat_sdk_master/ethercat_sdk_master/include/ethercat_sdk_master/EthercatDevice.hpp:25[m[K,
                 from [01m[K/home/zrene/catkin_ws_hiper_hand/src/ethercat_sdk_master/ethercat_sdk_master/include/ethercat_sdk_master/EthercatMaster.hpp:25[m[K,
                 from [01m[K/home/zrene/catkin_ws_hiper_hand/src/ethercat_device_configurator/ethercat_device_configurator/include/ethercat_device_configurator/EthercatDeviceConfigurator.hpp:28[m[K,
                 from [01m[K/home/zrene/catkin_ws_hiper_hand/src/ethercat_device_configurator/ethercat_device_configurator/src/hiper_hand.cpp:6[m[K:
[01m[K/usr/include/c++/9/bits/stl_algo.h:3468:5:[m[K [01;36m[Knote: [m[Kcandidate: ‘[01m[Ktemplate<class _Tp, class _Compare> constexpr _Tp std::max(std::initializer_list<_Tp>, _Compare)[m[K’
 3468 |     [01;36m[Kmax[m[K(initializer_list<_Tp> __l, _Compare __comp)
      |     [01;36m[K^~~[m[K
[01m[K/usr/include/c++/9/bits/stl_algo.h:3468:5:[m[K [01;36m[Knote: [m[K  template argument deduction/substitution failed:
[01m[K/home/zrene/catkin_ws_hiper_hand/src/ethercat_device_configurator/ethercat_device_configurator/src/hiper_hand.cpp:127:42:[m[K [01;36m[Knote: [m[K  mismatched types ‘[01m[Kstd::initializer_list<_Tp>[m[K’ and ‘[01m[Kdouble[m[K’
  127 |         velocity1 = std::max(-MAX_VEL, -5[01;36m[K)[m[K;
      |                                          [01;36m[K^[m[K
[01m[K/home/zrene/catkin_ws_hiper_hand/src/ethercat_device_configurator/ethercat_device_configurator/src/hiper_hand.cpp:130:40:[m[K [01;31m[Kerror: [m[Kno matching function for call to ‘[01m[Kmin(const double&, int)[m[K’
  130 |         velocity2 = std::min(MAX_VEL, 5[01;31m[K)[m[K;
      |                                        [01;31m[K^[m[K
In file included from [01m[K/usr/include/c++/9/memory:62[m[K,
                 from [01m[K/home/zrene/catkin_ws_hiper_hand/src/ethercat_device_configurator/ethercat_device_configurator/include/ethercat_device_configurator/EthercatDeviceConfigurator.hpp:25[m[K,
                 from [01m[K/home/zrene/catkin_ws_hiper_hand/src/ethercat_device_configurator/ethercat_device_configurator/src/hiper_hand.cpp:6[m[K:
[01m[K/usr/include/c++/9/bits/stl_algobase.h:198:5:[m[K [01;36m[Knote: [m[Kcandidate: ‘[01m[Ktemplate<class _Tp> constexpr const _Tp& std::min(const _Tp&, const _Tp&)[m[K’
  198 |     [01;36m[Kmin[m[K(const _Tp& __a, const _Tp& __b)
      |     [01;36m[K^~~[m[K
[01m[K/usr/include/c++/9/bits/stl_algobase.h:198:5:[m[K [01;36m[Knote: [m[K  template argument deduction/substitution failed:
[01m[K/home/zrene/catkin_ws_hiper_hand/src/ethercat_device_configurator/ethercat_device_configurator/src/hiper_hand.cpp:130:40:[m[K [01;36m[Knote: [m[K  deduced conflicting types for parameter ‘[01m[Kconst _Tp[m[K’ (‘[01m[Kdouble[m[K’ and ‘[01m[Kint[m[K’)
  130 |         velocity2 = std::min(MAX_VEL, 5[01;36m[K)[m[K;
      |                                        [01;36m[K^[m[K
In file included from [01m[K/usr/include/c++/9/memory:62[m[K,
                 from [01m[K/home/zrene/catkin_ws_hiper_hand/src/ethercat_device_configurator/ethercat_device_configurator/include/ethercat_device_configurator/EthercatDeviceConfigurator.hpp:25[m[K,
                 from [01m[K/home/zrene/catkin_ws_hiper_hand/src/ethercat_device_configurator/ethercat_device_configurator/src/hiper_hand.cpp:6[m[K:
[01m[K/usr/include/c++/9/bits/stl_algobase.h:246:5:[m[K [01;36m[Knote: [m[Kcandidate: ‘[01m[Ktemplate<class _Tp, class _Compare> constexpr const _Tp& std::min(const _Tp&, const _Tp&, _Compare)[m[K’
  246 |     [01;36m[Kmin[m[K(const _Tp& __a, const _Tp& __b, _Compare __comp)
      |     [01;36m[K^~~[m[K
[01m[K/usr/include/c++/9/bits/stl_algobase.h:246:5:[m[K [01;36m[Knote: [m[K  template argument deduction/substitution failed:
[01m[K/home/zrene/catkin_ws_hiper_hand/src/ethercat_device_configurator/ethercat_device_configurator/src/hiper_hand.cpp:130:40:[m[K [01;36m[Knote: [m[K  deduced conflicting types for parameter ‘[01m[Kconst _Tp[m[K’ (‘[01m[Kdouble[m[K’ and ‘[01m[Kint[m[K’)
  130 |         velocity2 = std::min(MAX_VEL, 5[01;36m[K)[m[K;
      |                                        [01;36m[K^[m[K
In file included from [01m[K/usr/include/c++/9/algorithm:62[m[K,
                 from [01m[K/usr/include/boost/regex/v4/regex_workaround.hpp:33[m[K,
                 from [01m[K/usr/include/boost/regex/v4/regex.hpp:32[m[K,
                 from [01m[K/usr/include/boost/regex.hpp:31[m[K,
                 from [01m[K/home/zrene/catkin_ws_hiper_hand/src/message_logger/include/message_logger/log/log_messages_backend.hpp:49[m[K,
                 from [01m[K/home/zrene/catkin_ws_hiper_hand/src/message_logger/include/message_logger/log/log_messages.hpp:44[m[K,
                 from [01m[K/home/zrene/catkin_ws_hiper_hand/src/message_logger/include/message_logger/message_logger.hpp:43[m[K,
                 from [01m[K/home/zrene/catkin_ws_hiper_hand/src/soem_interface/soem_interface_rsl/include/soem_interface_rsl/EthercatBusBase.hpp:35[m[K,
                 from [01m[K/home/zrene/catkin_ws_hiper_hand/src/ethercat_sdk_master/ethercat_sdk_master/include/ethercat_sdk_master/EthercatDevice.hpp:25[m[K,
                 from [01m[K/home/zrene/catkin_ws_hiper_hand/src/ethercat_sdk_master/ethercat_sdk_master/include/ethercat_sdk_master/EthercatMaster.hpp:25[m[K,
                 from [01m[K/home/zrene/catkin_ws_hiper_hand/src/ethercat_device_configurator/ethercat_device_configurator/include/ethercat_device_configurator/EthercatDeviceConfigurator.hpp:28[m[K,
                 from [01m[K/home/zrene/catkin_ws_hiper_hand/src/ethercat_device_configurator/ethercat_device_configurator/src/hiper_hand.cpp:6[m[K:
[01m[K/usr/include/c++/9/bits/stl_algo.h:3450:5:[m[K [01;36m[Knote: [m[Kcandidate: ‘[01m[Ktemplate<class _Tp> constexpr _Tp std::min(std::initializer_list<_Tp>)[m[K’
 3450 |     [01;36m[Kmin[m[K(initializer_list<_Tp> __l)
      |     [01;36m[K^~~[m[K
[01m[K/usr/include/c++/9/bits/stl_algo.h:3450:5:[m[K [01;36m[Knote: [m[K  template argument deduction/substitution failed:
[01m[K/home/zrene/catkin_ws_hiper_hand/src/ethercat_device_configurator/ethercat_device_configurator/src/hiper_hand.cpp:130:40:[m[K [01;36m[Knote: [m[K  mismatched types ‘[01m[Kstd::initializer_list<_Tp>[m[K’ and ‘[01m[Kdouble[m[K’
  130 |         velocity2 = std::min(MAX_VEL, 5[01;36m[K)[m[K;
      |                                        [01;36m[K^[m[K
In file included from [01m[K/usr/include/c++/9/algorithm:62[m[K,
                 from [01m[K/usr/include/boost/regex/v4/regex_workaround.hpp:33[m[K,
                 from [01m[K/usr/include/boost/regex/v4/regex.hpp:32[m[K,
                 from [01m[K/usr/include/boost/regex.hpp:31[m[K,
                 from [01m[K/home/zrene/catkin_ws_hiper_hand/src/message_logger/include/message_logger/log/log_messages_backend.hpp:49[m[K,
                 from [01m[K/home/zrene/catkin_ws_hiper_hand/src/message_logger/include/message_logger/log/log_messages.hpp:44[m[K,
                 from [01m[K/home/zrene/catkin_ws_hiper_hand/src/message_logger/include/message_logger/message_logger.hpp:43[m[K,
                 from [01m[K/home/zrene/catkin_ws_hiper_hand/src/soem_interface/soem_interface_rsl/include/soem_interface_rsl/EthercatBusBase.hpp:35[m[K,
                 from [01m[K/home/zrene/catkin_ws_hiper_hand/src/ethercat_sdk_master/ethercat_sdk_master/include/ethercat_sdk_master/EthercatDevice.hpp:25[m[K,
                 from [01m[K/home/zrene/catkin_ws_hiper_hand/src/ethercat_sdk_master/ethercat_sdk_master/include/ethercat_sdk_master/EthercatMaster.hpp:25[m[K,
                 from [01m[K/home/zrene/catkin_ws_hiper_hand/src/ethercat_device_configurator/ethercat_device_configurator/include/ethercat_device_configurator/EthercatDeviceConfigurator.hpp:28[m[K,
                 from [01m[K/home/zrene/catkin_ws_hiper_hand/src/ethercat_device_configurator/ethercat_device_configurator/src/hiper_hand.cpp:6[m[K:
[01m[K/usr/include/c++/9/bits/stl_algo.h:3456:5:[m[K [01;36m[Knote: [m[Kcandidate: ‘[01m[Ktemplate<class _Tp, class _Compare> constexpr _Tp std::min(std::initializer_list<_Tp>, _Compare)[m[K’
 3456 |     [01;36m[Kmin[m[K(initializer_list<_Tp> __l, _Compare __comp)
      |     [01;36m[K^~~[m[K
[01m[K/usr/include/c++/9/bits/stl_algo.h:3456:5:[m[K [01;36m[Knote: [m[K  template argument deduction/substitution failed:
[01m[K/home/zrene/catkin_ws_hiper_hand/src/ethercat_device_configurator/ethercat_device_configurator/src/hiper_hand.cpp:130:40:[m[K [01;36m[Knote: [m[K  mismatched types ‘[01m[Kstd::initializer_list<_Tp>[m[K’ and ‘[01m[Kdouble[m[K’
  130 |         velocity2 = std::min(MAX_VEL, 5[01;36m[K)[m[K;
      |                                        [01;36m[K^[m[K
[01m[K/home/zrene/catkin_ws_hiper_hand/src/ethercat_device_configurator/ethercat_device_configurator/src/hiper_hand.cpp:133:42:[m[K [01;31m[Kerror: [m[Kno matching function for call to ‘[01m[Kmax(double, int)[m[K’
  133 |         velocity2 = std::max(-MAX_VEL, -5[01;31m[K)[m[K;
      |                                          [01;31m[K^[m[K
In file included from [01m[K/usr/include/c++/9/memory:62[m[K,
                 from [01m[K/home/zrene/catkin_ws_hiper_hand/src/ethercat_device_configurator/ethercat_device_configurator/include/ethercat_device_configurator/EthercatDeviceConfigurator.hpp:25[m[K,
                 from [01m[K/home/zrene/catkin_ws_hiper_hand/src/ethercat_device_configurator/ethercat_device_configurator/src/hiper_hand.cpp:6[m[K:
[01m[K/usr/include/c++/9/bits/stl_algobase.h:222:5:[m[K [01;36m[Knote: [m[Kcandidate: ‘[01m[Ktemplate<class _Tp> constexpr const _Tp& std::max(const _Tp&, const _Tp&)[m[K’
  222 |     [01;36m[Kmax[m[K(const _Tp& __a, const _Tp& __b)
      |     [01;36m[K^~~[m[K
[01m[K/usr/include/c++/9/bits/stl_algobase.h:222:5:[m[K [01;36m[Knote: [m[K  template argument deduction/substitution failed:
[01m[K/home/zrene/catkin_ws_hiper_hand/src/ethercat_device_configurator/ethercat_device_configurator/src/hiper_hand.cpp:133:42:[m[K [01;36m[Knote: [m[K  deduced conflicting types for parameter ‘[01m[Kconst _Tp[m[K’ (‘[01m[Kdouble[m[K’ and ‘[01m[Kint[m[K’)
  133 |         velocity2 = std::max(-MAX_VEL, -5[01;36m[K)[m[K;
      |                                          [01;36m[K^[m[K
In file included from [01m[K/usr/include/c++/9/memory:62[m[K,
                 from [01m[K/home/zrene/catkin_ws_hiper_hand/src/ethercat_device_configurator/ethercat_device_configurator/include/ethercat_device_configurator/EthercatDeviceConfigurator.hpp:25[m[K,
                 from [01m[K/home/zrene/catkin_ws_hiper_hand/src/ethercat_device_configurator/ethercat_device_configurator/src/hiper_hand.cpp:6[m[K:
[01m[K/usr/include/c++/9/bits/stl_algobase.h:268:5:[m[K [01;36m[Knote: [m[Kcandidate: ‘[01m[Ktemplate<class _Tp, class _Compare> constexpr const _Tp& std::max(const _Tp&, const _Tp&, _Compare)[m[K’
  268 |     [01;36m[Kmax[m[K(const _Tp& __a, const _Tp& __b, _Compare __comp)
      |     [01;36m[K^~~[m[K
[01m[K/usr/include/c++/9/bits/stl_algobase.h:268:5:[m[K [01;36m[Knote: [m[K  template argument deduction/substitution failed:
[01m[K/home/zrene/catkin_ws_hiper_hand/src/ethercat_device_configurator/ethercat_device_configurator/src/hiper_hand.cpp:133:42:[m[K [01;36m[Knote: [m[K  deduced conflicting types for parameter ‘[01m[Kconst _Tp[m[K’ (‘[01m[Kdouble[m[K’ and ‘[01m[Kint[m[K’)
  133 |         velocity2 = std::max(-MAX_VEL, -5[01;36m[K)[m[K;
      |                                          [01;36m[K^[m[K
In file included from [01m[K/usr/include/c++/9/algorithm:62[m[K,
                 from [01m[K/usr/include/boost/regex/v4/regex_workaround.hpp:33[m[K,
                 from [01m[K/usr/include/boost/regex/v4/regex.hpp:32[m[K,
                 from [01m[K/usr/include/boost/regex.hpp:31[m[K,
                 from [01m[K/home/zrene/catkin_ws_hiper_hand/src/message_logger/include/message_logger/log/log_messages_backend.hpp:49[m[K,
                 from [01m[K/home/zrene/catkin_ws_hiper_hand/src/message_logger/include/message_logger/log/log_messages.hpp:44[m[K,
                 from [01m[K/home/zrene/catkin_ws_hiper_hand/src/message_logger/include/message_logger/message_logger.hpp:43[m[K,
                 from [01m[K/home/zrene/catkin_ws_hiper_hand/src/soem_interface/soem_interface_rsl/include/soem_interface_rsl/EthercatBusBase.hpp:35[m[K,
                 from [01m[K/home/zrene/catkin_ws_hiper_hand/src/ethercat_sdk_master/ethercat_sdk_master/include/ethercat_sdk_master/EthercatDevice.hpp:25[m[K,
                 from [01m[K/home/zrene/catkin_ws_hiper_hand/src/ethercat_sdk_master/ethercat_sdk_master/include/ethercat_sdk_master/EthercatMaster.hpp:25[m[K,
                 from [01m[K/home/zrene/catkin_ws_hiper_hand/src/ethercat_device_configurator/ethercat_device_configurator/include/ethercat_device_configurator/EthercatDeviceConfigurator.hpp:28[m[K,
                 from [01m[K/home/zrene/catkin_ws_hiper_hand/src/ethercat_device_configurator/ethercat_device_configurator/src/hiper_hand.cpp:6[m[K:
[01m[K/usr/include/c++/9/bits/stl_algo.h:3462:5:[m[K [01;36m[Knote: [m[Kcandidate: ‘[01m[Ktemplate<class _Tp> constexpr _Tp std::max(std::initializer_list<_Tp>)[m[K’
 3462 |     [01;36m[Kmax[m[K(initializer_list<_Tp> __l)
      |     [01;36m[K^~~[m[K
[01m[K/usr/include/c++/9/bits/stl_algo.h:3462:5:[m[K [01;36m[Knote: [m[K  template argument deduction/substitution failed:
[01m[K/home/zrene/catkin_ws_hiper_hand/src/ethercat_device_configurator/ethercat_device_configurator/src/hiper_hand.cpp:133:42:[m[K [01;36m[Knote: [m[K  mismatched types ‘[01m[Kstd::initializer_list<_Tp>[m[K’ and ‘[01m[Kdouble[m[K’
  133 |         velocity2 = std::max(-MAX_VEL, -5[01;36m[K)[m[K;
      |                                          [01;36m[K^[m[K
In file included from [01m[K/usr/include/c++/9/algorithm:62[m[K,
                 from [01m[K/usr/include/boost/regex/v4/regex_workaround.hpp:33[m[K,
                 from [01m[K/usr/include/boost/regex/v4/regex.hpp:32[m[K,
                 from [01m[K/usr/include/boost/regex.hpp:31[m[K,
                 from [01m[K/home/zrene/catkin_ws_hiper_hand/src/message_logger/include/message_logger/log/log_messages_backend.hpp:49[m[K,
                 from [01m[K/home/zrene/catkin_ws_hiper_hand/src/message_logger/include/message_logger/log/log_messages.hpp:44[m[K,
                 from [01m[K/home/zrene/catkin_ws_hiper_hand/src/message_logger/include/message_logger/message_logger.hpp:43[m[K,
                 from [01m[K/home/zrene/catkin_ws_hiper_hand/src/soem_interface/soem_interface_rsl/include/soem_interface_rsl/EthercatBusBase.hpp:35[m[K,
                 from [01m[K/home/zrene/catkin_ws_hiper_hand/src/ethercat_sdk_master/ethercat_sdk_master/include/ethercat_sdk_master/EthercatDevice.hpp:25[m[K,
                 from [01m[K/home/zrene/catkin_ws_hiper_hand/src/ethercat_sdk_master/ethercat_sdk_master/include/ethercat_sdk_master/EthercatMaster.hpp:25[m[K,
                 from [01m[K/home/zrene/catkin_ws_hiper_hand/src/ethercat_device_configurator/ethercat_device_configurator/include/ethercat_device_configurator/EthercatDeviceConfigurator.hpp:28[m[K,
                 from [01m[K/home/zrene/catkin_ws_hiper_hand/src/ethercat_device_configurator/ethercat_device_configurator/src/hiper_hand.cpp:6[m[K:
[01m[K/usr/include/c++/9/bits/stl_algo.h:3468:5:[m[K [01;36m[Knote: [m[Kcandidate: ‘[01m[Ktemplate<class _Tp, class _Compare> constexpr _Tp std::max(std::initializer_list<_Tp>, _Compare)[m[K’
 3468 |     [01;36m[Kmax[m[K(initializer_list<_Tp> __l, _Compare __comp)
      |     [01;36m[K^~~[m[K
[01m[K/usr/include/c++/9/bits/stl_algo.h:3468:5:[m[K [01;36m[Knote: [m[K  template argument deduction/substitution failed:
[01m[K/home/zrene/catkin_ws_hiper_hand/src/ethercat_device_configurator/ethercat_device_configurator/src/hiper_hand.cpp:133:42:[m[K [01;36m[Knote: [m[K  mismatched types ‘[01m[Kstd::initializer_list<_Tp>[m[K’ and ‘[01m[Kdouble[m[K’
  133 |         velocity2 = std::max(-MAX_VEL, -5[01;36m[K)[m[K;
      |                                          [01;36m[K^[m[K
make[2]: *** [CMakeFiles/hiper_hand.dir/build.make:63: CMakeFiles/hiper_hand.dir/src/hiper_hand.cpp.o] Error 1
make[1]: *** [CMakeFiles/Makefile2:876: CMakeFiles/hiper_hand.dir/all] Error 2
make: *** [Makefile:141: all] Error 2
