Not searching for unused variables given on the command line.
[36m--[0m The C compiler identification is GNU 9.4.0
[36m--[0m Check for working C compiler: /usr/bin/cc
[36m--[0m Check for working C compiler: /usr/bin/cc -- works
[36m--[0m Detecting C compiler ABI info
[36m--[0m Detecting C compiler ABI info - done
[36m--[0m Detecting C compile features
[36m--[0m Detecting C compile features - done
[36m--[0m Using CATKIN_DEVEL_PREFIX: /home/zrene/catkin_ws_hiper_hand/devel/.private/soem_rsl
[36m--[0m Using CMAKE_PREFIX_PATH: /home/zrene/catkin_ws_hiper_hand/devel;/home/zrene/ros/vicon_ws/devel;/home/zrene/catkin_ws/devel;/opt/ros/noetic
[36m--[0m This workspace overlays: /home/zrene/catkin_ws_hiper_hand/devel;/home/zrene/ros/vicon_ws/devel;/home/zrene/catkin_ws/devel;/opt/ros/noetic
[36m--[0m Found PythonInterp: /usr/bin/python3 (found suitable version "3.8.10", minimum required is "3")
[36m--[0m Using PYTHON_EXECUTABLE: /usr/bin/python3
[36m--[0m Using Debian Python package layout
[36m--[0m Found PY_em: /usr/lib/python3/dist-packages/em.py
[36m--[0m Using empy: /usr/lib/python3/dist-packages/em.py
[36m--[0m Using CATKIN_ENABLE_TESTING: ON
[36m--[0m Call enable_testing()
[36m--[0m Using CATKIN_TEST_RESULTS_DIR: /home/zrene/catkin_ws_hiper_hand/build/soem_rsl/test_results
[36m--[0m Using Python nosetests: /usr/bin/nosetests3
[36m--[0m catkin 0.8.10
[36m--[0m BUILD_SHARED_LIBS is on
OS is linux
/home/zrene/catkin_ws_hiper_hand/src/soem_interface/soem_rsl/soem_rsl/osal/linux/osal_defs.h/home/zrene/catkin_ws_hiper_hand/src/soem_interface/soem_rsl/soem_rsl/osal/osal.h
LIB_DIR: lib
[36m--[0m Configuring done
[36m--[0m Generating done
[36m--[0m Build files have been written to: /home/zrene/catkin_ws_hiper_hand/build/soem_rsl
